<?xml version="1.0" encoding="UTF-8"?>
<!-- Generated by org.testng.reporters.JUnitXMLReporter -->
<testsuite ignored="0" hostname="DESKTOP-V8C0G5V" failures="1" tests="2" name="Test" time="3.96" errors="0" timestamp="2021-06-20T20:37:10 IST">
  <testcase classname="ListenersDemo.MyTestCase" name="verifyGooglePage" time="3.924"/>
  <testcase classname="ListenersDemo.MyTestCase" name="verifyMatch" time="0.005">
    <failure type="java.lang.AssertionError" message="expected [false] but found [true]">
      <![CDATA[java.lang.AssertionError: expected [false] but found [true]
at ListenersDemo.MyTestCase.verifyMatch(MyTestCase.java:30)
at java.base/java.util.ArrayList.forEach(ArrayList.java:1511)
... Removed 33 stack frames]]>
    </failure>
  </testcase> <!-- verifyMatch -->
</testsuite> <!-- Test -->
